<?xml version="1.0" encoding="UTF-8" ?>
<testsuites name="vitest tests" tests="20" failures="0" errors="0" time="0.4898959">
    <testsuite name="tests/unit/smoke.spec.ts" timestamp="2026-09-17T13:12:02.200Z" hostname="阿秦" tests="1" failures="0" errors="0" skipped="0" time="0.4713019">
        <testcase classname="tests/unit/smoke.spec.ts" name="Smoke &gt; mounts App without crash" time="0.469741">
            <system-out>
🎯 App 组件已挂载
🎨 首次访问，使用默认深色主题
🚀 发送请求: {
  method: [32m&apos;GET&apos;[39m,
  url: [32m&apos;/quantTrade/data/indexes/000001.SH&apos;[39m,
  baseURL: [32m&apos;&apos;[39m,
  params: [90mundefined[39m,
  data: [90mundefined[39m
}
🚀 发送请求: {
  method: [32m&apos;GET&apos;[39m,
  url: [32m&apos;/quantTrade/data/indexes/399001.SZ&apos;[39m,
  baseURL: [32m&apos;&apos;[39m,
  params: [90mundefined[39m,
  data: [90mundefined[39m
}
🚀 发送请求: {
  method: [32m&apos;GET&apos;[39m,
  url: [32m&apos;/quantTrade/data/indexes/399006.SZ&apos;[39m,
  baseURL: [32m&apos;&apos;[39m,
  params: [90mundefined[39m,
  data: [90mundefined[39m
}
🚀 发送请求: {
  method: [32m&apos;GET&apos;[39m,
  url: [32m&apos;/quantTrade/strategy&apos;[39m,
  baseURL: [32m&apos;&apos;[39m,
  params: { page: [33m1[39m, page_size: [33m1000[39m },
  data: [90mundefined[39m
}
🚀 发送请求: {
  method: [32m&apos;GET&apos;[39m,
  url: [32m&apos;/quantTrade/trade/signals&apos;[39m,
  baseURL: [32m&apos;&apos;[39m,
  params: { page: [33m1[39m, page_size: [33m200[39m },
  data: [90mundefined[39m
}
🚀 发送请求: {
  method: [32m&apos;GET&apos;[39m,
  url: [32m&apos;/quantTrade/trade/orders&apos;[39m,
  baseURL: [32m&apos;&apos;[39m,
  params: { page_size: [33m200[39m },
  data: [90mundefined[39m
}
🚀 发送请求: {
  method: [32m&apos;GET&apos;[39m,
  url: [32m&apos;/quantTrade/risk/metrics&apos;[39m,
  baseURL: [32m&apos;&apos;[39m,
  params: [90mundefined[39m,
  data: [90mundefined[39m
}

            </system-out>
            <system-err>
[Vue warn]: Component &quot;RouterLink&quot; has already been registered in target app.
[naive/back-top]: Container of back-top element is not found. This could be a bug of naive-ui.

            </system-err>
        </testcase>
    </testsuite>
    <testsuite name="tests/unit/TrendLinePrimitive.spec.ts" timestamp="2026-09-17T13:12:02.202Z" hostname="阿秦" tests="5" failures="0" errors="0" skipped="0" time="0.0077558">
        <testcase classname="tests/unit/TrendLinePrimitive.spec.ts" name="TrendLinePrimitive 数据模型 &gt; only stores time and price — no pixel coordinates" time="0.003197">
        </testcase>
        <testcase classname="tests/unit/TrendLinePrimitive.spec.ts" name="TrendLinePrimitive 数据模型 &gt; supports extendRight ray mode (stored as flag, not as coordinate)" time="0.0005962">
        </testcase>
        <testcase classname="tests/unit/TrendLinePrimitive.spec.ts" name="TrendLinePrimitive 数据模型 &gt; updateData modifies stored properties without adding coordinates" time="0.0004697">
        </testcase>
        <testcase classname="tests/unit/TrendLinePrimitive.spec.ts" name="TrendLinePrimitive 数据模型 &gt; cross-holiday gap: time span covers 8 calendar days correctly" time="0.0003828">
        </testcase>
        <testcase classname="tests/unit/TrendLinePrimitive.spec.ts" name="TrendLinePrimitive 数据模型 &gt; getData returns current data snapshot" time="0.0003758">
        </testcase>
    </testsuite>
    <testsuite name="tests/unit/useTimeCoordinate.spec.ts" timestamp="2026-09-17T13:12:02.204Z" hostname="阿秦" tests="14" failures="0" errors="0" skipped="0" time="0.0108382">
        <testcase classname="tests/unit/useTimeCoordinate.spec.ts" name="useTimeCoordinate &gt; toEpochSeconds &gt; converts &apos;YYYY-MM-DD&apos; string to epoch seconds" time="0.0031734">
        </testcase>
        <testcase classname="tests/unit/useTimeCoordinate.spec.ts" name="useTimeCoordinate &gt; toEpochSeconds &gt; returns number time as-is" time="0.0003681">
        </testcase>
        <testcase classname="tests/unit/useTimeCoordinate.spec.ts" name="useTimeCoordinate &gt; toEpochSeconds &gt; handles different dates consistently" time="0.0002883">
        </testcase>
        <testcase classname="tests/unit/useTimeCoordinate.spec.ts" name="useTimeCoordinate &gt; 脏检查 (needsRecalc / updateCache) &gt; initially needs recalc" time="0.0003532">
        </testcase>
        <testcase classname="tests/unit/useTimeCoordinate.spec.ts" name="useTimeCoordinate &gt; 脏检查 (needsRecalc / updateCache) &gt; does not need recalc for same range and width" time="0.0005253">
        </testcase>
        <testcase classname="tests/unit/useTimeCoordinate.spec.ts" name="useTimeCoordinate &gt; 脏检查 (needsRecalc / updateCache) &gt; needs recalc when width changes" time="0.0003497">
        </testcase>
        <testcase classname="tests/unit/useTimeCoordinate.spec.ts" name="useTimeCoordinate &gt; 脏检查 (needsRecalc / updateCache) &gt; needs recalc when visible range changes" time="0.0003008">
        </testcase>
        <testcase classname="tests/unit/useTimeCoordinate.spec.ts" name="useTimeCoordinate &gt; 脏检查 (needsRecalc / updateCache) &gt; needs recalc after markDirty" time="0.0002736">
        </testcase>
        <testcase classname="tests/unit/useTimeCoordinate.spec.ts" name="useTimeCoordinate &gt; 脏检查 (needsRecalc / updateCache) &gt; needs recalc with null range" time="0.0005535">
        </testcase>
        <testcase classname="tests/unit/useTimeCoordinate.spec.ts" name="useTimeCoordinate &gt; toCoord / timeToX &gt; returns null when chart is null" time="0.0003871">
        </testcase>
        <testcase classname="tests/unit/useTimeCoordinate.spec.ts" name="useTimeCoordinate &gt; toCoord / timeToX &gt; returns null when series is null for toCoord" time="0.0001434">
        </testcase>
        <testcase classname="tests/unit/useTimeCoordinate.spec.ts" name="useTimeCoordinate &gt; time point with gaps &gt; timeToEpoch correctly computes gap between pre/post holiday dates" time="0.0001848">
        </testcase>
        <testcase classname="tests/unit/useTimeCoordinate.spec.ts" name="useTimeCoordinate &gt; time point with gaps &gt; timeToEpoch correctly handles weekend gap" time="0.0001298">
        </testcase>
        <testcase classname="tests/unit/useTimeCoordinate.spec.ts" name="useTimeCoordinate &gt; reset &gt; clears cache and marks dirty" time="0.0001551">
        </testcase>
    </testsuite>
</testsuites>
